<?xml version="1.0" encoding="UTF-8"?>
<coverage generated="1784773091356" clover="3.2.0">
  <project timestamp="1784773091356" name="All files">
    <metrics statements="302" coveredstatements="302" conditionals="98" coveredconditionals="96" methods="43" coveredmethods="43" elements="443" coveredelements="441" complexity="0" loc="302" ncloc="302" packages="8" files="15" classes="15"/>
    <package name="src">
      <metrics statements="25" coveredstatements="25" conditionals="2" coveredconditionals="1" methods="3" coveredmethods="3"/>
      <file name="app.js" path="C:\Users\ZCSI012\Documents\Kamal Intern\Day_17\backend\src\app.js">
        <metrics statements="17" coveredstatements="17" conditionals="0" coveredconditionals="0" methods="1" coveredmethods="1"/>
        <line num="1" count="1" type="stmt"/>
        <line num="2" count="1" type="stmt"/>
        <line num="3" count="1" type="stmt"/>
        <line num="4" count="1" type="stmt"/>
        <line num="6" count="1" type="stmt"/>
        <line num="7" count="1" type="stmt"/>
        <line num="9" count="1" type="stmt"/>
        <line num="11" count="1" type="stmt"/>
        <line num="14" count="1" type="stmt"/>
        <line num="15" count="1" type="stmt"/>
        <line num="16" count="1" type="stmt"/>
        <line num="19" count="1" type="stmt"/>
        <line num="20" count="1" type="stmt"/>
        <line num="23" count="1" type="stmt"/>
        <line num="24" count="1" type="stmt"/>
        <line num="31" count="1" type="stmt"/>
        <line num="33" count="1" type="stmt"/>
      </file>
      <file name="server.js" path="C:\Users\ZCSI012\Documents\Kamal Intern\Day_17\backend\src\server.js">
        <metrics statements="8" coveredstatements="8" conditionals="2" coveredconditionals="1" methods="2" coveredmethods="2"/>
        <line num="1" count="2" type="stmt"/>
        <line num="2" count="2" type="stmt"/>
        <line num="4" count="2" type="cond" truecount="1" falsecount="1"/>
        <line num="6" count="2" type="stmt"/>
        <line num="7" count="2" type="stmt"/>
        <line num="9" count="2" type="stmt"/>
        <line num="10" count="2" type="stmt"/>
        <line num="14" count="2" type="stmt"/>
      </file>
    </package>
    <package name="src.config">
      <metrics statements="9" coveredstatements="9" conditionals="0" coveredconditionals="0" methods="1" coveredmethods="1"/>
      <file name="db.js" path="C:\Users\ZCSI012\Documents\Kamal Intern\Day_17\backend\src\config\db.js">
        <metrics statements="9" coveredstatements="9" conditionals="0" coveredconditionals="0" methods="1" coveredmethods="1"/>
        <line num="1" count="1" type="stmt"/>
        <line num="3" count="1" type="stmt"/>
        <line num="4" count="2" type="stmt"/>
        <line num="5" count="2" type="stmt"/>
        <line num="7" count="1" type="stmt"/>
        <line num="9" count="1" type="stmt"/>
        <line num="10" count="1" type="stmt"/>
        <line num="11" count="1" type="stmt"/>
        <line num="15" count="1" type="stmt"/>
      </file>
    </package>
    <package name="src.controllers">
      <metrics statements="103" coveredstatements="103" conditionals="42" coveredconditionals="42" methods="14" coveredmethods="14"/>
      <file name="authController.js" path="C:\Users\ZCSI012\Documents\Kamal Intern\Day_17\backend\src\controllers\authController.js">
        <metrics statements="56" coveredstatements="56" conditionals="20" coveredconditionals="20" methods="7" coveredmethods="7"/>
        <line num="9" count="3" type="stmt"/>
        <line num="11" count="3" type="stmt"/>
        <line num="12" count="2" type="stmt"/>
        <line num="13" count="2" type="stmt"/>
        <line num="15" count="1" type="stmt"/>
        <line num="21" count="1" type="stmt"/>
        <line num="28" count="3" type="stmt"/>
        <line num="29" count="2" type="stmt"/>
        <line num="30" count="2" type="stmt"/>
        <line num="32" count="1" type="stmt"/>
        <line num="38" count="1" type="stmt"/>
        <line num="45" count="3" type="stmt"/>
        <line num="46" count="3" type="stmt"/>
        <line num="47" count="3" type="stmt"/>
        <line num="49" count="2" type="cond" truecount="2" falsecount="0"/>
        <line num="50" count="1" type="stmt"/>
        <line num="56" count="1" type="stmt"/>
        <line num="61" count="1" type="stmt"/>
        <line num="68" count="3" type="stmt"/>
        <line num="69" count="2" type="stmt"/>
        <line num="70" count="2" type="stmt"/>
        <line num="72" count="1" type="stmt"/>
        <line num="77" count="1" type="stmt"/>
        <line num="84" count="3" type="stmt"/>
        <line num="85" count="3" type="stmt"/>
        <line num="86" count="3" type="stmt"/>
        <line num="88" count="2" type="cond" truecount="2" falsecount="0"/>
        <line num="89" count="1" type="stmt"/>
        <line num="94" count="1" type="stmt"/>
        <line num="96" count="1" type="stmt"/>
        <line num="102" count="1" type="stmt"/>
        <line num="110" count="3" type="stmt"/>
        <line num="111" count="10" type="stmt"/>
        <line num="112" count="10" type="stmt"/>
        <line num="113" count="10" type="stmt"/>
        <line num="115" count="10" type="cond" truecount="4" falsecount="0"/>
        <line num="116" count="5" type="stmt"/>
        <line num="119" count="10" type="cond" truecount="4" falsecount="0"/>
        <line num="120" count="2" type="stmt"/>
        <line num="123" count="10" type="cond" truecount="2" falsecount="0"/>
        <line num="124" count="1" type="stmt"/>
        <line num="127" count="10" type="cond" truecount="2" falsecount="0"/>
        <line num="128" count="3" type="stmt"/>
        <line num="134" count="7" type="stmt"/>
        <line num="136" count="5" type="cond" truecount="2" falsecount="0"/>
        <line num="137" count="1" type="stmt"/>
        <line num="143" count="4" type="stmt"/>
        <line num="149" count="2" type="cond" truecount="2" falsecount="0"/>
        <line num="150" count="1" type="stmt"/>
        <line num="156" count="1" type="stmt"/>
        <line num="163" count="3" type="stmt"/>
        <line num="164" count="2" type="stmt"/>
        <line num="165" count="2" type="stmt"/>
        <line num="167" count="1" type="stmt"/>
        <line num="173" count="1" type="stmt"/>
        <line num="180" count="3" type="stmt"/>
      </file>
      <file name="taskController.js" path="C:\Users\ZCSI012\Documents\Kamal Intern\Day_17\backend\src\controllers\taskController.js">
        <metrics statements="47" coveredstatements="47" conditionals="22" coveredconditionals="22" methods="7" coveredmethods="7"/>
        <line num="8" count="3" type="stmt"/>
        <line num="10" count="3" type="stmt"/>
        <line num="11" count="3" type="stmt"/>
        <line num="12" count="3" type="stmt"/>
        <line num="19" count="2" type="stmt"/>
        <line num="25" count="1" type="stmt"/>
        <line num="33" count="3" type="stmt"/>
        <line num="34" count="4" type="stmt"/>
        <line num="35" count="4" type="cond" truecount="2" falsecount="0"/>
        <line num="37" count="3" type="cond" truecount="2" falsecount="0"/>
        <line num="38" count="1" type="stmt"/>
        <line num="44" count="2" type="stmt"/>
        <line num="50" count="1" type="stmt"/>
        <line num="57" count="3" type="stmt"/>
        <line num="58" count="3" type="stmt"/>
        <line num="59" count="3" type="stmt"/>
        <line num="64" count="2" type="stmt"/>
        <line num="71" count="1" type="stmt"/>
        <line num="78" count="3" type="stmt"/>
        <line num="79" count="4" type="stmt"/>
        <line num="80" count="4" type="stmt"/>
        <line num="86" count="3" type="cond" truecount="2" falsecount="0"/>
        <line num="87" count="1" type="stmt"/>
        <line num="93" count="2" type="stmt"/>
        <line num="100" count="1" type="stmt"/>
        <line num="107" count="3" type="stmt"/>
        <line num="108" count="4" type="stmt"/>
        <line num="109" count="4" type="cond" truecount="2" falsecount="0"/>
        <line num="111" count="3" type="cond" truecount="2" falsecount="0"/>
        <line num="112" count="1" type="stmt"/>
        <line num="118" count="2" type="stmt"/>
        <line num="124" count="1" type="stmt"/>
        <line num="131" count="3" type="stmt"/>
        <line num="132" count="4" type="stmt"/>
        <line num="133" count="4" type="stmt"/>
        <line num="135" count="3" type="stmt"/>
        <line num="142" count="3" type="stmt"/>
        <line num="143" count="4" type="stmt"/>
        <line num="145" count="4" type="cond" truecount="2" falsecount="0"/>
        <line num="146" count="1" type="stmt"/>
        <line num="149" count="4" type="cond" truecount="2" falsecount="0"/>
        <line num="150" count="1" type="stmt"/>
        <line num="153" count="4" type="cond" truecount="2" falsecount="0"/>
        <line num="154" count="1" type="stmt"/>
        <line num="158" count="3" type="stmt"/>
        <line num="163" count="1" type="stmt"/>
        <line num="170" count="3" type="stmt"/>
      </file>
    </package>
    <package name="src.middleware">
      <metrics statements="21" coveredstatements="21" conditionals="16" coveredconditionals="16" methods="2" coveredmethods="2"/>
      <file name="authMiddleware.js" path="C:\Users\ZCSI012\Documents\Kamal Intern\Day_17\backend\src\middleware\authMiddleware.js">
        <metrics statements="18" coveredstatements="18" conditionals="16" coveredconditionals="16" methods="1" coveredmethods="1"/>
        <line num="1" count="4" type="stmt"/>
        <line num="3" count="4" type="stmt"/>
        <line num="4" count="9" type="stmt"/>
        <line num="5" count="9" type="cond" truecount="2" falsecount="0"/>
        <line num="6" count="9" type="cond" truecount="2" falsecount="0"/>
        <line num="10" count="9" type="cond" truecount="2" falsecount="0"/>
        <line num="11" count="2" type="stmt"/>
        <line num="17" count="7" type="stmt"/>
        <line num="19" count="4" type="cond" truecount="2" falsecount="0"/>
        <line num="20" count="1" type="stmt"/>
        <line num="26" count="3" type="stmt"/>
        <line num="31" count="3" type="stmt"/>
        <line num="33" count="3" type="cond" truecount="2" falsecount="0"/>
        <line num="34" count="1" type="stmt"/>
        <line num="40" count="2" type="cond" truecount="2" falsecount="0"/>
        <line num="41" count="1" type="stmt"/>
        <line num="47" count="1" type="stmt"/>
        <line num="54" count="4" type="stmt"/>
      </file>
      <file name="notFoundMiddleware.js" path="C:\Users\ZCSI012\Documents\Kamal Intern\Day_17\backend\src\middleware\notFoundMiddleware.js">
        <metrics statements="3" coveredstatements="3" conditionals="0" coveredconditionals="0" methods="1" coveredmethods="1"/>
        <line num="1" count="2" type="stmt"/>
        <line num="2" count="2" type="stmt"/>
        <line num="8" count="2" type="stmt"/>
      </file>
    </package>
    <package name="src.models">
      <metrics statements="6" coveredstatements="6" conditionals="0" coveredconditionals="0" methods="0" coveredmethods="0"/>
      <file name="task.js" path="C:\Users\ZCSI012\Documents\Kamal Intern\Day_17\backend\src\models\task.js">
        <metrics statements="3" coveredstatements="3" conditionals="0" coveredconditionals="0" methods="0" coveredmethods="0"/>
        <line num="1" count="4" type="stmt"/>
        <line num="3" count="4" type="stmt"/>
        <line num="47" count="4" type="stmt"/>
      </file>
      <file name="user.js" path="C:\Users\ZCSI012\Documents\Kamal Intern\Day_17\backend\src\models\user.js">
        <metrics statements="3" coveredstatements="3" conditionals="0" coveredconditionals="0" methods="0" coveredmethods="0"/>
        <line num="1" count="4" type="stmt"/>
        <line num="3" count="4" type="stmt"/>
        <line num="54" count="4" type="stmt"/>
      </file>
    </package>
    <package name="src.routes">
      <metrics statements="27" coveredstatements="27" conditionals="0" coveredconditionals="0" methods="0" coveredmethods="0"/>
      <file name="authRoutes.js" path="C:\Users\ZCSI012\Documents\Kamal Intern\Day_17\backend\src\routes\authRoutes.js">
        <metrics statements="15" coveredstatements="15" conditionals="0" coveredconditionals="0" methods="0" coveredmethods="0"/>
        <line num="1" count="2" type="stmt"/>
        <line num="2" count="2" type="stmt"/>
        <line num="4" count="2" type="stmt"/>
        <line num="13" count="2" type="stmt"/>
        <line num="14" count="2" type="stmt"/>
        <line num="16" count="2" type="stmt"/>
        <line num="17" count="2" type="stmt"/>
        <line num="18" count="2" type="stmt"/>
        <line num="20" count="2" type="stmt"/>
        <line num="22" count="2" type="stmt"/>
        <line num="24" count="2" type="stmt"/>
        <line num="26" count="2" type="stmt"/>
        <line num="27" count="2" type="stmt"/>
        <line num="28" count="2" type="stmt"/>
        <line num="30" count="2" type="stmt"/>
      </file>
      <file name="taskRoutes.js" path="C:\Users\ZCSI012\Documents\Kamal Intern\Day_17\backend\src\routes\taskRoutes.js">
        <metrics statements="12" coveredstatements="12" conditionals="0" coveredconditionals="0" methods="0" coveredmethods="0"/>
        <line num="1" count="2" type="stmt"/>
        <line num="2" count="2" type="stmt"/>
        <line num="4" count="2" type="stmt"/>
        <line num="12" count="2" type="stmt"/>
        <line num="13" count="2" type="stmt"/>
        <line num="15" count="2" type="stmt"/>
        <line num="16" count="2" type="stmt"/>
        <line num="17" count="2" type="stmt"/>
        <line num="18" count="2" type="stmt"/>
        <line num="19" count="2" type="stmt"/>
        <line num="20" count="2" type="stmt"/>
        <line num="22" count="2" type="stmt"/>
      </file>
    </package>
    <package name="src.services">
      <metrics statements="96" coveredstatements="96" conditionals="32" coveredconditionals="31" methods="18" coveredmethods="18"/>
      <file name="authService.js" path="C:\Users\ZCSI012\Documents\Kamal Intern\Day_17\backend\src\services\authService.js">
        <metrics statements="75" coveredstatements="75" conditionals="27" coveredconditionals="26" methods="12" coveredmethods="12"/>
        <line num="1" count="3" type="stmt"/>
        <line num="2" count="3" type="stmt"/>
        <line num="3" count="3" type="stmt"/>
        <line num="5" count="3" type="stmt"/>
        <line num="6" count="5" type="stmt"/>
        <line num="11" count="3" type="stmt"/>
        <line num="12" count="4" type="stmt"/>
        <line num="17" count="3" type="stmt"/>
        <line num="18" count="3" type="cond" truecount="1" falsecount="1"/>
        <line num="19" count="3" type="stmt"/>
        <line num="21" count="3" type="cond" truecount="2" falsecount="0"/>
        <line num="22" count="2" type="stmt"/>
        <line num="25" count="1" type="stmt"/>
        <line num="26" count="1" type="stmt"/>
        <line num="28" count="1" type="stmt"/>
        <line num="29" count="1" type="stmt"/>
        <line num="30" count="1" type="stmt"/>
        <line num="33" count="1" type="stmt"/>
        <line num="36" count="3" type="stmt"/>
        <line num="37" count="6" type="cond" truecount="2" falsecount="0"/>
        <line num="39" count="6" type="stmt"/>
        <line num="44" count="3" type="stmt"/>
        <line num="45" count="9" type="cond" truecount="3" falsecount="0"/>
        <line num="46" count="9" type="cond" truecount="2" falsecount="0"/>
        <line num="47" count="9" type="cond" truecount="2" falsecount="0"/>
        <line num="49" count="9" type="stmt"/>
        <line num="57" count="3" type="stmt"/>
        <line num="58" count="4" type="stmt"/>
        <line num="59" count="4" type="stmt"/>
        <line num="61" count="4" type="cond" truecount="2" falsecount="0"/>
        <line num="62" count="1" type="stmt"/>
        <line num="65" count="3" type="stmt"/>
        <line num="66" count="3" type="stmt"/>
        <line num="67" count="3" type="stmt"/>
        <line num="75" count="3" type="stmt"/>
        <line num="76" count="3" type="stmt"/>
        <line num="77" count="3" type="stmt"/>
        <line num="79" count="3" type="stmt"/>
        <line num="81" count="3" type="stmt"/>
        <line num="88" count="3" type="stmt"/>
        <line num="89" count="3" type="stmt"/>
        <line num="90" count="3" type="stmt"/>
        <line num="92" count="3" type="cond" truecount="2" falsecount="0"/>
        <line num="93" count="1" type="stmt"/>
        <line num="96" count="2" type="stmt"/>
        <line num="98" count="2" type="cond" truecount="2" falsecount="0"/>
        <line num="99" count="1" type="stmt"/>
        <line num="102" count="1" type="stmt"/>
        <line num="103" count="1" type="stmt"/>
        <line num="104" count="1" type="stmt"/>
        <line num="106" count="1" type="stmt"/>
        <line num="108" count="1" type="stmt"/>
        <line num="116" count="3" type="stmt"/>
        <line num="117" count="2" type="stmt"/>
        <line num="119" count="2" type="stmt"/>
        <line num="122" count="3" type="stmt"/>
        <line num="123" count="1" type="stmt"/>
        <line num="126" count="3" type="stmt"/>
        <line num="127" count="2" type="cond" truecount="2" falsecount="0"/>
        <line num="131" count="2" type="stmt"/>
        <line num="137" count="3" type="stmt"/>
        <line num="138" count="2" type="stmt"/>
        <line num="141" count="3" type="stmt"/>
        <line num="142" count="4" type="cond" truecount="2" falsecount="0"/>
        <line num="143" count="1" type="stmt"/>
        <line num="146" count="3" type="stmt"/>
        <line num="147" count="3" type="stmt"/>
        <line num="149" count="3" type="cond" truecount="2" falsecount="0"/>
        <line num="150" count="1" type="stmt"/>
        <line num="153" count="2" type="stmt"/>
        <line num="155" count="2" type="cond" truecount="2" falsecount="0"/>
        <line num="156" count="1" type="stmt"/>
        <line num="159" count="1" type="stmt"/>
        <line num="161" count="1" type="stmt"/>
        <line num="167" count="3" type="stmt"/>
      </file>
      <file name="taskService.js" path="C:\Users\ZCSI012\Documents\Kamal Intern\Day_17\backend\src\services\taskService.js">
        <metrics statements="21" coveredstatements="21" conditionals="5" coveredconditionals="5" methods="6" coveredmethods="6"/>
        <line num="1" count="3" type="stmt"/>
        <line num="3" count="3" type="cond" truecount="3" falsecount="0"/>
        <line num="4" count="2" type="stmt"/>
        <line num="5" count="2" type="stmt"/>
        <line num="7" count="2" type="stmt"/>
        <line num="16" count="2" type="stmt"/>
        <line num="18" count="2" type="stmt"/>
        <line num="24" count="2" type="stmt"/>
        <line num="33" count="3" type="stmt"/>
        <line num="34" count="2" type="stmt"/>
        <line num="41" count="3" type="stmt"/>
        <line num="42" count="2" type="stmt"/>
        <line num="50" count="2" type="stmt"/>
        <line num="53" count="3" type="stmt"/>
        <line num="54" count="2" type="stmt"/>
        <line num="64" count="3" type="stmt"/>
        <line num="65" count="2" type="stmt"/>
        <line num="75" count="2" type="stmt"/>
        <line num="78" count="3" type="stmt"/>
        <line num="79" count="2" type="stmt"/>
        <line num="98" count="3" type="stmt"/>
      </file>
    </package>
    <package name="src.utils">
      <metrics statements="15" coveredstatements="15" conditionals="6" coveredconditionals="6" methods="5" coveredmethods="5"/>
      <file name="rbac.js" path="C:\Users\ZCSI012\Documents\Kamal Intern\Day_17\backend\src\utils\rbac.js">
        <metrics statements="10" coveredstatements="10" conditionals="2" coveredconditionals="2" methods="3" coveredmethods="3"/>
        <line num="1" count="4" type="stmt"/>
        <line num="6" count="4" type="stmt"/>
        <line num="7" count="4" type="stmt"/>
        <line num="10" count="4" type="stmt"/>
        <line num="11" count="7" type="stmt"/>
        <line num="14" count="4" type="stmt"/>
        <line num="15" count="4" type="cond" truecount="2" falsecount="0"/>
        <line num="16" count="3" type="stmt"/>
        <line num="21" count="1" type="stmt"/>
        <line num="24" count="4" type="stmt"/>
      </file>
      <file name="response.js" path="C:\Users\ZCSI012\Documents\Kamal Intern\Day_17\backend\src\utils\response.js">
        <metrics statements="5" coveredstatements="5" conditionals="4" coveredconditionals="4" methods="2" coveredmethods="2"/>
        <line num="1" count="1" type="stmt"/>
        <line num="7" count="3" type="stmt"/>
        <line num="14" count="1" type="stmt"/>
        <line num="19" count="2" type="stmt"/>
        <line num="25" count="1" type="stmt"/>
      </file>
    </package>
  </project>
</coverage>
