{"C:\\Users\\ZCSI012\\Documents\\Kamal Intern\\Day_17\\backend\\src\\app.js": {"path":"C:\\Users\\ZCSI012\\Documents\\Kamal Intern\\Day_17\\backend\\src\\app.js","statementMap":{"0":{"start":{"line":1,"column":16},"end":{"line":1,"column":34}},"1":{"start":{"line":2,"column":13},"end":{"line":2,"column":28}},"2":{"start":{"line":3,"column":15},"end":{"line":3,"column":32}},"3":{"start":{"line":4,"column":0},"end":{"line":4,"column":27}},"4":{"start":{"line":6,"column":19},"end":{"line":6,"column":49}},"5":{"start":{"line":7,"column":19},"end":{"line":7,"column":49}},"6":{"start":{"line":9,"column":27},"end":{"line":9,"column":69}},"7":{"start":{"line":11,"column":12},"end":{"line":11,"column":21}},"8":{"start":{"line":14,"column":0},"end":{"line":14,"column":16}},"9":{"start":{"line":15,"column":0},"end":{"line":15,"column":24}},"10":{"start":{"line":16,"column":0},"end":{"line":16,"column":23}},"11":{"start":{"line":19,"column":0},"end":{"line":19,"column":33}},"12":{"start":{"line":20,"column":0},"end":{"line":20,"column":34}},"13":{"start":{"line":23,"column":0},"end":{"line":28,"column":3}},"14":{"start":{"line":24,"column":2},"end":{"line":27,"column":5}},"15":{"start":{"line":31,"column":0},"end":{"line":31,"column":28}},"16":{"start":{"line":33,"column":0},"end":{"line":33,"column":21}}},"fnMap":{"0":{"name":"(anonymous_0)","decl":{"start":{"line":23,"column":13},"end":{"line":23,"column":14}},"loc":{"start":{"line":23,"column":27},"end":{"line":28,"column":1}},"line":23}},"branchMap":{},"s":{"0":1,"1":1,"2":1,"3":1,"4":1,"5":1,"6":1,"7":1,"8":1,"9":1,"10":1,"11":1,"12":1,"13":1,"14":1,"15":1,"16":1},"f":{"0":1},"b":{},"_coverageSchema":"1a1c01bbd47fc00a2c39e90264f33305004495a9","hash":"e2babb9bcd8cda6a4c468b1e1749edab97995592"}
,"C:\\Users\\ZCSI012\\Documents\\Kamal Intern\\Day_17\\backend\\src\\server.js": {"path":"C:\\Users\\ZCSI012\\Documents\\Kamal Intern\\Day_17\\backend\\src\\server.js","statementMap":{"0":{"start":{"line":1,"column":12},"end":{"line":1,"column":28}},"1":{"start":{"line":2,"column":18},"end":{"line":2,"column":40}},"2":{"start":{"line":4,"column":13},"end":{"line":4,"column":37}},"3":{"start":{"line":6,"column":20},"end":{"line":12,"column":1}},"4":{"start":{"line":7,"column":2},"end":{"line":7,"column":20}},"5":{"start":{"line":9,"column":2},"end":{"line":11,"column":5}},"6":{"start":{"line":10,"column":4},"end":{"line":10,"column":65}},"7":{"start":{"line":14,"column":0},"end":{"line":14,"column":14}}},"fnMap":{"0":{"name":"(anonymous_0)","decl":{"start":{"line":6,"column":20},"end":{"line":6,"column":21}},"loc":{"start":{"line":6,"column":32},"end":{"line":12,"column":1}},"line":6},"1":{"name":"(anonymous_1)","decl":{"start":{"line":9,"column":19},"end":{"line":9,"column":20}},"loc":{"start":{"line":9,"column":25},"end":{"line":11,"column":3}},"line":9}},"branchMap":{"0":{"loc":{"start":{"line":4,"column":13},"end":{"line":4,"column":37}},"type":"binary-expr","locations":[{"start":{"line":4,"column":13},"end":{"line":4,"column":29}},{"start":{"line":4,"column":33},"end":{"line":4,"column":37}}],"line":4}},"s":{"0":2,"1":2,"2":2,"3":2,"4":2,"5":2,"6":2,"7":2},"f":{"0":2,"1":2},"b":{"0":[2,0]},"_coverageSchema":"1a1c01bbd47fc00a2c39e90264f33305004495a9","hash":"fbfdbd4cb63fbf80d18d2e03036208f08af16b7e"}
,"C:\\Users\\ZCSI012\\Documents\\Kamal Intern\\Day_17\\backend\\src\\config\\db.js": {"path":"C:\\Users\\ZCSI012\\Documents\\Kamal Intern\\Day_17\\backend\\src\\config\\db.js","statementMap":{"0":{"start":{"line":1,"column":17},"end":{"line":1,"column":36}},"1":{"start":{"line":3,"column":18},"end":{"line":13,"column":1}},"2":{"start":{"line":4,"column":2},"end":{"line":12,"column":3}},"3":{"start":{"line":5,"column":4},"end":{"line":5,"column":50}},"4":{"start":{"line":7,"column":4},"end":{"line":7,"column":39}},"5":{"start":{"line":9,"column":4},"end":{"line":9,"column":49}},"6":{"start":{"line":10,"column":4},"end":{"line":10,"column":33}},"7":{"start":{"line":11,"column":4},"end":{"line":11,"column":20}},"8":{"start":{"line":15,"column":0},"end":{"line":15,"column":27}}},"fnMap":{"0":{"name":"(anonymous_0)","decl":{"start":{"line":3,"column":18},"end":{"line":3,"column":19}},"loc":{"start":{"line":3,"column":30},"end":{"line":13,"column":1}},"line":3}},"branchMap":{},"s":{"0":1,"1":1,"2":2,"3":2,"4":1,"5":1,"6":1,"7":1,"8":1},"f":{"0":2},"b":{},"_coverageSchema":"1a1c01bbd47fc00a2c39e90264f33305004495a9","hash":"b90a6a2b220155e4e3970297d6b2f7a9f1e2ae31"}
,"C:\\Users\\ZCSI012\\Documents\\Kamal Intern\\Day_17\\backend\\src\\controllers\\authController.js": {"path":"C:\\Users\\ZCSI012\\Documents\\Kamal Intern\\Day_17\\backend\\src\\controllers\\authController.js","statementMap":{"0":{"start":{"line":9,"column":4},"end":{"line":9,"column":38}},"1":{"start":{"line":11,"column":17},"end":{"line":26,"column":1}},"2":{"start":{"line":12,"column":2},"end":{"line":25,"column":3}},"3":{"start":{"line":13,"column":19},"end":{"line":13,"column":47}},"4":{"start":{"line":15,"column":4},"end":{"line":19,"column":7}},"5":{"start":{"line":21,"column":4},"end":{"line":24,"column":7}},"6":{"start":{"line":28,"column":14},"end":{"line":43,"column":1}},"7":{"start":{"line":29,"column":2},"end":{"line":42,"column":3}},"8":{"start":{"line":30,"column":19},"end":{"line":30,"column":44}},"9":{"start":{"line":32,"column":4},"end":{"line":36,"column":7}},"10":{"start":{"line":38,"column":4},"end":{"line":41,"column":7}},"11":{"start":{"line":45,"column":19},"end":{"line":66,"column":1}},"12":{"start":{"line":46,"column":2},"end":{"line":65,"column":3}},"13":{"start":{"line":47,"column":17},"end":{"line":47,"column":51}},"14":{"start":{"line":49,"column":4},"end":{"line":54,"column":5}},"15":{"start":{"line":50,"column":6},"end":{"line":53,"column":9}},"16":{"start":{"line":56,"column":4},"end":{"line":59,"column":7}},"17":{"start":{"line":61,"column":4},"end":{"line":64,"column":7}},"18":{"start":{"line":68,"column":18},"end":{"line":82,"column":1}},"19":{"start":{"line":69,"column":2},"end":{"line":81,"column":3}},"20":{"start":{"line":70,"column":18},"end":{"line":70,"column":37}},"21":{"start":{"line":72,"column":4},"end":{"line":75,"column":7}},"22":{"start":{"line":77,"column":4},"end":{"line":80,"column":7}},"23":{"start":{"line":84,"column":19},"end":{"line":107,"column":1}},"24":{"start":{"line":85,"column":2},"end":{"line":106,"column":3}},"25":{"start":{"line":86,"column":24},"end":{"line":86,"column":63}},"26":{"start":{"line":88,"column":4},"end":{"line":93,"column":5}},"27":{"start":{"line":89,"column":6},"end":{"line":92,"column":9}},"28":{"start":{"line":94,"column":18},"end":{"line":94,"column":37}},"29":{"start":{"line":96,"column":4},"end":{"line":100,"column":6}},"30":{"start":{"line":102,"column":4},"end":{"line":105,"column":6}},"31":{"start":{"line":110,"column":23},"end":{"line":161,"column":1}},"32":{"start":{"line":111,"column":2},"end":{"line":160,"column":3}},"33":{"start":{"line":112,"column":34},"end":{"line":112,"column":42}},"34":{"start":{"line":113,"column":20},"end":{"line":113,"column":22}},"35":{"start":{"line":115,"column":4},"end":{"line":117,"column":5}},"36":{"start":{"line":116,"column":6},"end":{"line":116,"column":33}},"37":{"start":{"line":119,"column":4},"end":{"line":121,"column":5}},"38":{"start":{"line":120,"column":6},"end":{"line":120,"column":49}},"39":{"start":{"line":123,"column":4},"end":{"line":125,"column":5}},"40":{"start":{"line":124,"column":6},"end":{"line":124,"column":26}},"41":{"start":{"line":127,"column":4},"end":{"line":132,"column":5}},"42":{"start":{"line":128,"column":6},"end":{"line":131,"column":9}},"43":{"start":{"line":134,"column":17},"end":{"line":134,"column":64}},"44":{"start":{"line":136,"column":4},"end":{"line":141,"column":5}},"45":{"start":{"line":137,"column":6},"end":{"line":140,"column":9}},"46":{"start":{"line":143,"column":4},"end":{"line":147,"column":7}},"47":{"start":{"line":149,"column":4},"end":{"line":154,"column":5}},"48":{"start":{"line":150,"column":6},"end":{"line":153,"column":9}},"49":{"start":{"line":156,"column":4},"end":{"line":159,"column":7}},"50":{"start":{"line":163,"column":16},"end":{"line":178,"column":1}},"51":{"start":{"line":164,"column":2},"end":{"line":177,"column":3}},"52":{"start":{"line":165,"column":19},"end":{"line":165,"column":53}},"53":{"start":{"line":167,"column":4},"end":{"line":171,"column":7}},"54":{"start":{"line":173,"column":4},"end":{"line":176,"column":7}},"55":{"start":{"line":180,"column":0},"end":{"line":188,"column":2}}},"fnMap":{"0":{"name":"(anonymous_0)","decl":{"start":{"line":11,"column":17},"end":{"line":11,"column":18}},"loc":{"start":{"line":11,"column":37},"end":{"line":26,"column":1}},"line":11},"1":{"name":"(anonymous_1)","decl":{"start":{"line":28,"column":14},"end":{"line":28,"column":15}},"loc":{"start":{"line":28,"column":34},"end":{"line":43,"column":1}},"line":28},"2":{"name":"(anonymous_2)","decl":{"start":{"line":45,"column":19},"end":{"line":45,"column":20}},"loc":{"start":{"line":45,"column":39},"end":{"line":66,"column":1}},"line":45},"3":{"name":"(anonymous_3)","decl":{"start":{"line":68,"column":18},"end":{"line":68,"column":19}},"loc":{"start":{"line":68,"column":38},"end":{"line":82,"column":1}},"line":68},"4":{"name":"(anonymous_4)","decl":{"start":{"line":84,"column":19},"end":{"line":84,"column":20}},"loc":{"start":{"line":84,"column":39},"end":{"line":107,"column":1}},"line":84},"5":{"name":"(anonymous_5)","decl":{"start":{"line":110,"column":23},"end":{"line":110,"column":24}},"loc":{"start":{"line":110,"column":43},"end":{"line":161,"column":1}},"line":110},"6":{"name":"(anonymous_6)","decl":{"start":{"line":163,"column":16},"end":{"line":163,"column":17}},"loc":{"start":{"line":163,"column":36},"end":{"line":178,"column":1}},"line":163}},"branchMap":{"0":{"loc":{"start":{"line":49,"column":4},"end":{"line":54,"column":5}},"type":"if","locations":[{"start":{"line":49,"column":4},"end":{"line":54,"column":5}},{"start":{},"end":{}}],"line":49},"1":{"loc":{"start":{"line":88,"column":4},"end":{"line":93,"column":5}},"type":"if","locations":[{"start":{"line":88,"column":4},"end":{"line":93,"column":5}},{"start":{},"end":{}}],"line":88},"2":{"loc":{"start":{"line":115,"column":4},"end":{"line":117,"column":5}},"type":"if","locations":[{"start":{"line":115,"column":4},"end":{"line":117,"column":5}},{"start":{},"end":{}}],"line":115},"3":{"loc":{"start":{"line":115,"column":8},"end":{"line":115,"column":47}},"type":"binary-expr","locations":[{"start":{"line":115,"column":8},"end":{"line":115,"column":32}},{"start":{"line":115,"column":36},"end":{"line":115,"column":47}}],"line":115},"4":{"loc":{"start":{"line":119,"column":4},"end":{"line":121,"column":5}},"type":"if","locations":[{"start":{"line":119,"column":4},"end":{"line":121,"column":5}},{"start":{},"end":{}}],"line":119},"5":{"loc":{"start":{"line":119,"column":8},"end":{"line":119,"column":49}},"type":"binary-expr","locations":[{"start":{"line":119,"column":8},"end":{"line":119,"column":33}},{"start":{"line":119,"column":37},"end":{"line":119,"column":49}}],"line":119},"6":{"loc":{"start":{"line":123,"column":4},"end":{"line":125,"column":5}},"type":"if","locations":[{"start":{"line":123,"column":4},"end":{"line":125,"column":5}},{"start":{},"end":{}}],"line":123},"7":{"loc":{"start":{"line":127,"column":4},"end":{"line":132,"column":5}},"type":"if","locations":[{"start":{"line":127,"column":4},"end":{"line":132,"column":5}},{"start":{},"end":{}}],"line":127},"8":{"loc":{"start":{"line":136,"column":4},"end":{"line":141,"column":5}},"type":"if","locations":[{"start":{"line":136,"column":4},"end":{"line":141,"column":5}},{"start":{},"end":{}}],"line":136},"9":{"loc":{"start":{"line":149,"column":4},"end":{"line":154,"column":5}},"type":"if","locations":[{"start":{"line":149,"column":4},"end":{"line":154,"column":5}},{"start":{},"end":{}}],"line":149}},"s":{"0":3,"1":3,"2":2,"3":2,"4":1,"5":1,"6":3,"7":2,"8":2,"9":1,"10":1,"11":3,"12":3,"13":3,"14":2,"15":1,"16":1,"17":1,"18":3,"19":2,"20":2,"21":1,"22":1,"23":3,"24":3,"25":3,"26":2,"27":1,"28":1,"29":1,"30":1,"31":3,"32":10,"33":10,"34":10,"35":10,"36":5,"37":10,"38":2,"39":10,"40":1,"41":10,"42":3,"43":7,"44":5,"45":1,"46":4,"47":2,"48":1,"49":1,"50":3,"51":2,"52":2,"53":1,"54":1,"55":3},"f":{"0":2,"1":2,"2":3,"3":2,"4":3,"5":10,"6":2},"b":{"0":[1,1],"1":[1,1],"2":[5,5],"3":[10,6],"4":[2,8],"5":[10,3],"6":[1,9],"7":[3,7],"8":[1,4],"9":[1,1]},"_coverageSchema":"1a1c01bbd47fc00a2c39e90264f33305004495a9","hash":"3cdc3b5de664d4b72f9164784a5c7a48b80dcb04"}
,"C:\\Users\\ZCSI012\\Documents\\Kamal Intern\\Day_17\\backend\\src\\controllers\\taskController.js": {"path":"C:\\Users\\ZCSI012\\Documents\\Kamal Intern\\Day_17\\backend\\src\\controllers\\taskController.js","statementMap":{"0":{"start":{"line":8,"column":4},"end":{"line":8,"column":38}},"1":{"start":{"line":10,"column":20},"end":{"line":30,"column":1}},"2":{"start":{"line":11,"column":2},"end":{"line":29,"column":3}},"3":{"start":{"line":12,"column":19},"end":{"line":17,"column":6}},"4":{"start":{"line":19,"column":4},"end":{"line":22,"column":7}},"5":{"start":{"line":25,"column":4},"end":{"line":28,"column":7}},"6":{"start":{"line":33,"column":20},"end":{"line":55,"column":1}},"7":{"start":{"line":34,"column":2},"end":{"line":54,"column":3}},"8":{"start":{"line":35,"column":17},"end":{"line":35,"column":76}},"9":{"start":{"line":37,"column":4},"end":{"line":42,"column":5}},"10":{"start":{"line":38,"column":6},"end":{"line":41,"column":9}},"11":{"start":{"line":44,"column":4},"end":{"line":47,"column":7}},"12":{"start":{"line":50,"column":4},"end":{"line":53,"column":7}},"13":{"start":{"line":57,"column":19},"end":{"line":76,"column":1}},"14":{"start":{"line":58,"column":2},"end":{"line":75,"column":3}},"15":{"start":{"line":59,"column":17},"end":{"line":62,"column":6}},"16":{"start":{"line":64,"column":4},"end":{"line":68,"column":7}},"17":{"start":{"line":71,"column":4},"end":{"line":74,"column":7}},"18":{"start":{"line":78,"column":19},"end":{"line":105,"column":1}},"19":{"start":{"line":79,"column":2},"end":{"line":104,"column":3}},"20":{"start":{"line":80,"column":17},"end":{"line":84,"column":5}},"21":{"start":{"line":86,"column":4},"end":{"line":91,"column":5}},"22":{"start":{"line":87,"column":6},"end":{"line":90,"column":9}},"23":{"start":{"line":93,"column":4},"end":{"line":97,"column":7}},"24":{"start":{"line":100,"column":4},"end":{"line":103,"column":7}},"25":{"start":{"line":107,"column":19},"end":{"line":129,"column":1}},"26":{"start":{"line":108,"column":2},"end":{"line":128,"column":3}},"27":{"start":{"line":109,"column":17},"end":{"line":109,"column":79}},"28":{"start":{"line":111,"column":4},"end":{"line":116,"column":5}},"29":{"start":{"line":112,"column":6},"end":{"line":115,"column":9}},"30":{"start":{"line":118,"column":4},"end":{"line":121,"column":7}},"31":{"start":{"line":124,"column":4},"end":{"line":127,"column":7}},"32":{"start":{"line":131,"column":23},"end":{"line":168,"column":1}},"33":{"start":{"line":132,"column":2},"end":{"line":167,"column":3}},"34":{"start":{"line":133,"column":18},"end":{"line":133,"column":43}},"35":{"start":{"line":135,"column":17},"end":{"line":140,"column":5}},"36":{"start":{"line":142,"column":4},"end":{"line":156,"column":7}},"37":{"start":{"line":143,"column":6},"end":{"line":143,"column":38}},"38":{"start":{"line":145,"column":6},"end":{"line":147,"column":7}},"39":{"start":{"line":146,"column":8},"end":{"line":146,"column":43}},"40":{"start":{"line":149,"column":6},"end":{"line":151,"column":7}},"41":{"start":{"line":150,"column":8},"end":{"line":150,"column":44}},"42":{"start":{"line":153,"column":6},"end":{"line":155,"column":7}},"43":{"start":{"line":154,"column":8},"end":{"line":154,"column":41}},"44":{"start":{"line":158,"column":4},"end":{"line":161,"column":7}},"45":{"start":{"line":163,"column":4},"end":{"line":166,"column":7}},"46":{"start":{"line":170,"column":0},"end":{"line":177,"column":2}}},"fnMap":{"0":{"name":"(anonymous_0)","decl":{"start":{"line":10,"column":20},"end":{"line":10,"column":21}},"loc":{"start":{"line":10,"column":40},"end":{"line":30,"column":1}},"line":10},"1":{"name":"(anonymous_1)","decl":{"start":{"line":33,"column":20},"end":{"line":33,"column":21}},"loc":{"start":{"line":33,"column":40},"end":{"line":55,"column":1}},"line":33},"2":{"name":"(anonymous_2)","decl":{"start":{"line":57,"column":19},"end":{"line":57,"column":20}},"loc":{"start":{"line":57,"column":39},"end":{"line":76,"column":1}},"line":57},"3":{"name":"(anonymous_3)","decl":{"start":{"line":78,"column":19},"end":{"line":78,"column":20}},"loc":{"start":{"line":78,"column":39},"end":{"line":105,"column":1}},"line":78},"4":{"name":"(anonymous_4)","decl":{"start":{"line":107,"column":19},"end":{"line":107,"column":20}},"loc":{"start":{"line":107,"column":39},"end":{"line":129,"column":1}},"line":107},"5":{"name":"(anonymous_5)","decl":{"start":{"line":131,"column":23},"end":{"line":131,"column":24}},"loc":{"start":{"line":131,"column":43},"end":{"line":168,"column":1}},"line":131},"6":{"name":"(anonymous_6)","decl":{"start":{"line":142,"column":18},"end":{"line":142,"column":19}},"loc":{"start":{"line":142,"column":28},"end":{"line":156,"column":5}},"line":142}},"branchMap":{"0":{"loc":{"start":{"line":13,"column":14},"end":{"line":13,"column":43}},"type":"binary-expr","locations":[{"start":{"line":13,"column":14},"end":{"line":13,"column":27}},{"start":{"line":13,"column":31},"end":{"line":13,"column":43}}],"line":13},"1":{"loc":{"start":{"line":35,"column":46},"end":{"line":35,"column":75}},"type":"binary-expr","locations":[{"start":{"line":35,"column":46},"end":{"line":35,"column":59}},{"start":{"line":35,"column":63},"end":{"line":35,"column":75}}],"line":35},"2":{"loc":{"start":{"line":37,"column":4},"end":{"line":42,"column":5}},"type":"if","locations":[{"start":{"line":37,"column":4},"end":{"line":42,"column":5}},{"start":{},"end":{}}],"line":37},"3":{"loc":{"start":{"line":61,"column":14},"end":{"line":61,"column":43}},"type":"binary-expr","locations":[{"start":{"line":61,"column":14},"end":{"line":61,"column":27}},{"start":{"line":61,"column":31},"end":{"line":61,"column":43}}],"line":61},"4":{"loc":{"start":{"line":83,"column":6},"end":{"line":83,"column":35}},"type":"binary-expr","locations":[{"start":{"line":83,"column":6},"end":{"line":83,"column":19}},{"start":{"line":83,"column":23},"end":{"line":83,"column":35}}],"line":83},"5":{"loc":{"start":{"line":86,"column":4},"end":{"line":91,"column":5}},"type":"if","locations":[{"start":{"line":86,"column":4},"end":{"line":91,"column":5}},{"start":{},"end":{}}],"line":86},"6":{"loc":{"start":{"line":109,"column":49},"end":{"line":109,"column":78}},"type":"binary-expr","locations":[{"start":{"line":109,"column":49},"end":{"line":109,"column":62}},{"start":{"line":109,"column":66},"end":{"line":109,"column":78}}],"line":109},"7":{"loc":{"start":{"line":111,"column":4},"end":{"line":116,"column":5}},"type":"if","locations":[{"start":{"line":111,"column":4},"end":{"line":116,"column":5}},{"start":{},"end":{}}],"line":111},"8":{"loc":{"start":{"line":145,"column":6},"end":{"line":147,"column":7}},"type":"if","locations":[{"start":{"line":145,"column":6},"end":{"line":147,"column":7}},{"start":{},"end":{}}],"line":145},"9":{"loc":{"start":{"line":149,"column":6},"end":{"line":151,"column":7}},"type":"if","locations":[{"start":{"line":149,"column":6},"end":{"line":151,"column":7}},{"start":{},"end":{}}],"line":149},"10":{"loc":{"start":{"line":153,"column":6},"end":{"line":155,"column":7}},"type":"if","locations":[{"start":{"line":153,"column":6},"end":{"line":155,"column":7}},{"start":{},"end":{}}],"line":153}},"s":{"0":3,"1":3,"2":3,"3":3,"4":2,"5":1,"6":3,"7":4,"8":4,"9":3,"10":1,"11":2,"12":1,"13":3,"14":3,"15":3,"16":2,"17":1,"18":3,"19":4,"20":4,"21":3,"22":1,"23":2,"24":1,"25":3,"26":4,"27":4,"28":3,"29":1,"30":2,"31":1,"32":3,"33":4,"34":4,"35":3,"36":3,"37":4,"38":4,"39":1,"40":4,"41":1,"42":4,"43":1,"44":3,"45":1,"46":3},"f":{"0":3,"1":4,"2":3,"3":4,"4":4,"5":4,"6":4},"b":{"0":[3,1],"1":[4,1],"2":[1,2],"3":[3,1],"4":[4,1],"5":[1,2],"6":[4,1],"7":[1,2],"8":[1,3],"9":[1,3],"10":[1,3]},"_coverageSchema":"1a1c01bbd47fc00a2c39e90264f33305004495a9","hash":"47b09981b26a716dab5432a5f1d2cee234d53990"}
,"C:\\Users\\ZCSI012\\Documents\\Kamal Intern\\Day_17\\backend\\src\\middleware\\authMiddleware.js": {"path":"C:\\Users\\ZCSI012\\Documents\\Kamal Intern\\Day_17\\backend\\src\\middleware\\authMiddleware.js","statementMap":{"0":{"start":{"line":1,"column":12},"end":{"line":1,"column":35}},"1":{"start":{"line":3,"column":23},"end":{"line":52,"column":1}},"2":{"start":{"line":4,"column":2},"end":{"line":51,"column":3}},"3":{"start":{"line":5,"column":23},"end":{"line":5,"column":54}},"4":{"start":{"line":6,"column":18},"end":{"line":8,"column":12}},"5":{"start":{"line":10,"column":4},"end":{"line":15,"column":5}},"6":{"start":{"line":11,"column":6},"end":{"line":14,"column":9}},"7":{"start":{"line":17,"column":20},"end":{"line":17,"column":68}},"8":{"start":{"line":19,"column":4},"end":{"line":24,"column":5}},"9":{"start":{"line":20,"column":6},"end":{"line":23,"column":9}},"10":{"start":{"line":26,"column":4},"end":{"line":30,"column":6}},"11":{"start":{"line":31,"column":4},"end":{"line":31,"column":11}},"12":{"start":{"line":33,"column":4},"end":{"line":38,"column":5}},"13":{"start":{"line":34,"column":6},"end":{"line":37,"column":9}},"14":{"start":{"line":40,"column":4},"end":{"line":45,"column":5}},"15":{"start":{"line":41,"column":6},"end":{"line":44,"column":9}},"16":{"start":{"line":47,"column":4},"end":{"line":50,"column":7}},"17":{"start":{"line":54,"column":0},"end":{"line":54,"column":32}}},"fnMap":{"0":{"name":"(anonymous_0)","decl":{"start":{"line":3,"column":23},"end":{"line":3,"column":24}},"loc":{"start":{"line":3,"column":49},"end":{"line":52,"column":1}},"line":3}},"branchMap":{"0":{"loc":{"start":{"line":5,"column":23},"end":{"line":5,"column":54}},"type":"binary-expr","locations":[{"start":{"line":5,"column":23},"end":{"line":5,"column":48}},{"start":{"line":5,"column":52},"end":{"line":5,"column":54}}],"line":5},"1":{"loc":{"start":{"line":6,"column":18},"end":{"line":8,"column":12}},"type":"cond-expr","locations":[{"start":{"line":7,"column":8},"end":{"line":7,"column":27}},{"start":{"line":8,"column":8},"end":{"line":8,"column":12}}],"line":6},"2":{"loc":{"start":{"line":10,"column":4},"end":{"line":15,"column":5}},"type":"if","locations":[{"start":{"line":10,"column":4},"end":{"line":15,"column":5}},{"start":{},"end":{}}],"line":10},"3":{"loc":{"start":{"line":19,"column":4},"end":{"line":24,"column":5}},"type":"if","locations":[{"start":{"line":19,"column":4},"end":{"line":24,"column":5}},{"start":{},"end":{}}],"line":19},"4":{"loc":{"start":{"line":28,"column":10},"end":{"line":28,"column":39}},"type":"binary-expr","locations":[{"start":{"line":28,"column":10},"end":{"line":28,"column":21}},{"start":{"line":28,"column":25},"end":{"line":28,"column":39}}],"line":28},"5":{"loc":{"start":{"line":29,"column":12},"end":{"line":29,"column":36}},"type":"binary-expr","locations":[{"start":{"line":29,"column":12},"end":{"line":29,"column":24}},{"start":{"line":29,"column":28},"end":{"line":29,"column":36}}],"line":29},"6":{"loc":{"start":{"line":33,"column":4},"end":{"line":38,"column":5}},"type":"if","locations":[{"start":{"line":33,"column":4},"end":{"line":38,"column":5}},{"start":{},"end":{}}],"line":33},"7":{"loc":{"start":{"line":40,"column":4},"end":{"line":45,"column":5}},"type":"if","locations":[{"start":{"line":40,"column":4},"end":{"line":45,"column":5}},{"start":{},"end":{}}],"line":40}},"s":{"0":4,"1":4,"2":9,"3":9,"4":9,"5":9,"6":2,"7":7,"8":4,"9":1,"10":3,"11":3,"12":3,"13":1,"14":2,"15":1,"16":1,"17":4},"f":{"0":9},"b":{"0":[9,1],"1":[7,2],"2":[2,7],"3":[1,3],"4":[3,2],"5":[3,2],"6":[1,2],"7":[1,1]},"_coverageSchema":"1a1c01bbd47fc00a2c39e90264f33305004495a9","hash":"0caadc21dd0a06efc8f3fa0464a4f841ba00e831"}
,"C:\\Users\\ZCSI012\\Documents\\Kamal Intern\\Day_17\\backend\\src\\middleware\\notFoundMiddleware.js": {"path":"C:\\Users\\ZCSI012\\Documents\\Kamal Intern\\Day_17\\backend\\src\\middleware\\notFoundMiddleware.js","statementMap":{"0":{"start":{"line":1,"column":27},"end":{"line":6,"column":1}},"1":{"start":{"line":2,"column":2},"end":{"line":5,"column":5}},"2":{"start":{"line":8,"column":0},"end":{"line":8,"column":36}}},"fnMap":{"0":{"name":"(anonymous_0)","decl":{"start":{"line":1,"column":27},"end":{"line":1,"column":28}},"loc":{"start":{"line":1,"column":41},"end":{"line":6,"column":1}},"line":1}},"branchMap":{},"s":{"0":2,"1":2,"2":2},"f":{"0":2},"b":{},"_coverageSchema":"1a1c01bbd47fc00a2c39e90264f33305004495a9","hash":"c4efcf4121c8a55895f0570e4f46999eeca9e14e"}
,"C:\\Users\\ZCSI012\\Documents\\Kamal Intern\\Day_17\\backend\\src\\models\\task.js": {"path":"C:\\Users\\ZCSI012\\Documents\\Kamal Intern\\Day_17\\backend\\src\\models\\task.js","statementMap":{"0":{"start":{"line":1,"column":17},"end":{"line":1,"column":36}},"1":{"start":{"line":3,"column":19},"end":{"line":45,"column":1}},"2":{"start":{"line":47,"column":0},"end":{"line":47,"column":52}}},"fnMap":{},"branchMap":{},"s":{"0":4,"1":4,"2":4},"f":{},"b":{},"_coverageSchema":"1a1c01bbd47fc00a2c39e90264f33305004495a9","hash":"907c1edbc36bc2df2825746d9e1813f48e927785"}
,"C:\\Users\\ZCSI012\\Documents\\Kamal Intern\\Day_17\\backend\\src\\models\\user.js": {"path":"C:\\Users\\ZCSI012\\Documents\\Kamal Intern\\Day_17\\backend\\src\\models\\user.js","statementMap":{"0":{"start":{"line":1,"column":17},"end":{"line":1,"column":36}},"1":{"start":{"line":3,"column":19},"end":{"line":52,"column":1}},"2":{"start":{"line":54,"column":0},"end":{"line":54,"column":52}}},"fnMap":{},"branchMap":{},"s":{"0":4,"1":4,"2":4},"f":{},"b":{},"_coverageSchema":"1a1c01bbd47fc00a2c39e90264f33305004495a9","hash":"4b980bdfb6ae313ef140135ee44a4d2962fa2b3d"}
,"C:\\Users\\ZCSI012\\Documents\\Kamal Intern\\Day_17\\backend\\src\\routes\\authRoutes.js": {"path":"C:\\Users\\ZCSI012\\Documents\\Kamal Intern\\Day_17\\backend\\src\\routes\\authRoutes.js","statementMap":{"0":{"start":{"line":1,"column":16},"end":{"line":1,"column":34}},"1":{"start":{"line":2,"column":15},"end":{"line":2,"column":31}},"2":{"start":{"line":4,"column":23},"end":{"line":4,"column":62}},"3":{"start":{"line":13,"column":4},"end":{"line":13,"column":44}},"4":{"start":{"line":14,"column":37},"end":{"line":14,"column":61}},"5":{"start":{"line":16,"column":0},"end":{"line":16,"column":35}},"6":{"start":{"line":17,"column":0},"end":{"line":17,"column":29}},"7":{"start":{"line":18,"column":0},"end":{"line":18,"column":33}},"8":{"start":{"line":20,"column":0},"end":{"line":20,"column":26}},"9":{"start":{"line":22,"column":0},"end":{"line":22,"column":35}},"10":{"start":{"line":24,"column":0},"end":{"line":24,"column":36}},"11":{"start":{"line":26,"column":0},"end":{"line":26,"column":32}},"12":{"start":{"line":27,"column":0},"end":{"line":27,"column":43}},"13":{"start":{"line":28,"column":0},"end":{"line":28,"column":40}},"14":{"start":{"line":30,"column":0},"end":{"line":30,"column":24}}},"fnMap":{},"branchMap":{},"s":{"0":2,"1":2,"2":2,"3":2,"4":2,"5":2,"6":2,"7":2,"8":2,"9":2,"10":2,"11":2,"12":2,"13":2,"14":2},"f":{},"b":{},"_coverageSchema":"1a1c01bbd47fc00a2c39e90264f33305004495a9","hash":"3437f0bfe3de8e9f814d122b0a104cf1edc8c2cc"}
,"C:\\Users\\ZCSI012\\Documents\\Kamal Intern\\Day_17\\backend\\src\\routes\\taskRoutes.js": {"path":"C:\\Users\\ZCSI012\\Documents\\Kamal Intern\\Day_17\\backend\\src\\routes\\taskRoutes.js","statementMap":{"0":{"start":{"line":1,"column":16},"end":{"line":1,"column":34}},"1":{"start":{"line":2,"column":15},"end":{"line":2,"column":31}},"2":{"start":{"line":4,"column":23},"end":{"line":4,"column":62}},"3":{"start":{"line":12,"column":4},"end":{"line":12,"column":44}},"4":{"start":{"line":13,"column":33},"end":{"line":13,"column":57}},"5":{"start":{"line":15,"column":0},"end":{"line":15,"column":45}},"6":{"start":{"line":16,"column":0},"end":{"line":16,"column":57}},"7":{"start":{"line":17,"column":0},"end":{"line":17,"column":48}},"8":{"start":{"line":18,"column":0},"end":{"line":18,"column":45}},"9":{"start":{"line":19,"column":0},"end":{"line":19,"column":47}},"10":{"start":{"line":20,"column":0},"end":{"line":20,"column":50}},"11":{"start":{"line":22,"column":0},"end":{"line":22,"column":24}}},"fnMap":{},"branchMap":{},"s":{"0":2,"1":2,"2":2,"3":2,"4":2,"5":2,"6":2,"7":2,"8":2,"9":2,"10":2,"11":2},"f":{},"b":{},"_coverageSchema":"1a1c01bbd47fc00a2c39e90264f33305004495a9","hash":"5961b7776675cec7f13546270aac22969cb6c5f2"}
,"C:\\Users\\ZCSI012\\Documents\\Kamal Intern\\Day_17\\backend\\src\\services\\authService.js": {"path":"C:\\Users\\ZCSI012\\Documents\\Kamal Intern\\Day_17\\backend\\src\\services\\authService.js","statementMap":{"0":{"start":{"line":1,"column":15},"end":{"line":1,"column":32}},"1":{"start":{"line":2,"column":12},"end":{"line":2,"column":35}},"2":{"start":{"line":3,"column":13},"end":{"line":3,"column":38}},"3":{"start":{"line":5,"column":26},"end":{"line":9,"column":1}},"4":{"start":{"line":6,"column":2},"end":{"line":8,"column":5}},"5":{"start":{"line":11,"column":27},"end":{"line":15,"column":1}},"6":{"start":{"line":12,"column":2},"end":{"line":14,"column":5}},"7":{"start":{"line":17,"column":29},"end":{"line":34,"column":1}},"8":{"start":{"line":18,"column":19},"end":{"line":18,"column":66}},"9":{"start":{"line":19,"column":19},"end":{"line":19,"column":51}},"10":{"start":{"line":21,"column":2},"end":{"line":23,"column":3}},"11":{"start":{"line":22,"column":4},"end":{"line":22,"column":20}},"12":{"start":{"line":25,"column":15},"end":{"line":25,"column":16}},"13":{"start":{"line":26,"column":18},"end":{"line":26,"column":40}},"14":{"start":{"line":28,"column":2},"end":{"line":31,"column":3}},"15":{"start":{"line":29,"column":4},"end":{"line":29,"column":16}},"16":{"start":{"line":30,"column":4},"end":{"line":30,"column":39}},"17":{"start":{"line":33,"column":2},"end":{"line":33,"column":19}},"18":{"start":{"line":36,"column":24},"end":{"line":42,"column":1}},"19":{"start":{"line":37,"column":21},"end":{"line":37,"column":38}},"20":{"start":{"line":39,"column":2},"end":{"line":41,"column":4}},"21":{"start":{"line":44,"column":35},"end":{"line":55,"column":1}},"22":{"start":{"line":45,"column":25},"end":{"line":45,"column":51}},"23":{"start":{"line":46,"column":29},"end":{"line":46,"column":55}},"24":{"start":{"line":47,"column":26},"end":{"line":47,"column":68}},"25":{"start":{"line":49,"column":2},"end":{"line":54,"column":4}},"26":{"start":{"line":57,"column":21},"end":{"line":86,"column":1}},"27":{"start":{"line":58,"column":18},"end":{"line":58,"column":51}},"28":{"start":{"line":59,"column":23},"end":{"line":59,"column":110}},"29":{"start":{"line":61,"column":2},"end":{"line":63,"column":3}},"30":{"start":{"line":62,"column":4},"end":{"line":62,"column":43}},"31":{"start":{"line":65,"column":25},"end":{"line":65,"column":64}},"32":{"start":{"line":66,"column":19},"end":{"line":66,"column":63}},"33":{"start":{"line":67,"column":15},"end":{"line":73,"column":4}},"34":{"start":{"line":75,"column":16},"end":{"line":75,"column":54}},"35":{"start":{"line":76,"column":23},"end":{"line":76,"column":51}},"36":{"start":{"line":77,"column":29},"end":{"line":77,"column":64}},"37":{"start":{"line":79,"column":2},"end":{"line":79,"column":79}},"38":{"start":{"line":81,"column":2},"end":{"line":85,"column":4}},"39":{"start":{"line":88,"column":18},"end":{"line":113,"column":1}},"40":{"start":{"line":89,"column":16},"end":{"line":89,"column":52}},"41":{"start":{"line":90,"column":15},"end":{"line":90,"column":40}},"42":{"start":{"line":92,"column":2},"end":{"line":94,"column":3}},"43":{"start":{"line":93,"column":4},"end":{"line":93,"column":49}},"44":{"start":{"line":96,"column":26},"end":{"line":96,"column":71}},"45":{"start":{"line":98,"column":2},"end":{"line":100,"column":3}},"46":{"start":{"line":99,"column":4},"end":{"line":99,"column":49}},"47":{"start":{"line":102,"column":16},"end":{"line":102,"column":54}},"48":{"start":{"line":103,"column":23},"end":{"line":103,"column":51}},"49":{"start":{"line":104,"column":29},"end":{"line":104,"column":64}},"50":{"start":{"line":106,"column":2},"end":{"line":106,"column":79}},"51":{"start":{"line":108,"column":2},"end":{"line":112,"column":4}},"52":{"start":{"line":116,"column":23},"end":{"line":120,"column":1}},"53":{"start":{"line":117,"column":15},"end":{"line":117,"column":58}},"54":{"start":{"line":119,"column":2},"end":{"line":119,"column":14}},"55":{"start":{"line":122,"column":20},"end":{"line":124,"column":1}},"56":{"start":{"line":123,"column":2},"end":{"line":123,"column":67}},"57":{"start":{"line":126,"column":26},"end":{"line":135,"column":1}},"58":{"start":{"line":127,"column":18},"end":{"line":129,"column":19}},"59":{"start":{"line":131,"column":2},"end":{"line":134,"column":25}},"60":{"start":{"line":137,"column":26},"end":{"line":139,"column":1}},"61":{"start":{"line":138,"column":2},"end":{"line":138,"column":34}},"62":{"start":{"line":141,"column":27},"end":{"line":165,"column":1}},"63":{"start":{"line":142,"column":2},"end":{"line":144,"column":3}},"64":{"start":{"line":143,"column":4},"end":{"line":143,"column":49}},"65":{"start":{"line":146,"column":18},"end":{"line":146,"column":74}},"66":{"start":{"line":147,"column":15},"end":{"line":147,"column":50}},"67":{"start":{"line":149,"column":2},"end":{"line":151,"column":3}},"68":{"start":{"line":150,"column":4},"end":{"line":150,"column":45}},"69":{"start":{"line":153,"column":30},"end":{"line":153,"column":83}},"70":{"start":{"line":155,"column":2},"end":{"line":157,"column":3}},"71":{"start":{"line":156,"column":4},"end":{"line":156,"column":45}},"72":{"start":{"line":159,"column":22},"end":{"line":159,"column":60}},"73":{"start":{"line":161,"column":2},"end":{"line":164,"column":4}},"74":{"start":{"line":167,"column":0},"end":{"line":177,"column":2}}},"fnMap":{"0":{"name":"(anonymous_0)","decl":{"start":{"line":5,"column":26},"end":{"line":5,"column":27}},"loc":{"start":{"line":5,"column":44},"end":{"line":9,"column":1}},"line":5},"1":{"name":"(anonymous_1)","decl":{"start":{"line":11,"column":27},"end":{"line":11,"column":28}},"loc":{"start":{"line":11,"column":39},"end":{"line":15,"column":1}},"line":11},"2":{"name":"(anonymous_2)","decl":{"start":{"line":17,"column":29},"end":{"line":17,"column":30}},"loc":{"start":{"line":17,"column":53},"end":{"line":34,"column":1}},"line":17},"3":{"name":"(anonymous_3)","decl":{"start":{"line":36,"column":24},"end":{"line":36,"column":25}},"loc":{"start":{"line":36,"column":49},"end":{"line":42,"column":1}},"line":36},"4":{"name":"(anonymous_4)","decl":{"start":{"line":44,"column":35},"end":{"line":44,"column":36}},"loc":{"start":{"line":44,"column":76},"end":{"line":55,"column":1}},"line":44},"5":{"name":"(anonymous_5)","decl":{"start":{"line":57,"column":21},"end":{"line":57,"column":22}},"loc":{"start":{"line":57,"column":38},"end":{"line":86,"column":1}},"line":57},"6":{"name":"(anonymous_6)","decl":{"start":{"line":88,"column":18},"end":{"line":88,"column":19}},"loc":{"start":{"line":88,"column":59},"end":{"line":113,"column":1}},"line":88},"7":{"name":"(anonymous_7)","decl":{"start":{"line":116,"column":23},"end":{"line":116,"column":24}},"loc":{"start":{"line":116,"column":37},"end":{"line":120,"column":1}},"line":116},"8":{"name":"(anonymous_8)","decl":{"start":{"line":122,"column":20},"end":{"line":122,"column":21}},"loc":{"start":{"line":122,"column":32},"end":{"line":124,"column":1}},"line":122},"9":{"name":"(anonymous_9)","decl":{"start":{"line":126,"column":26},"end":{"line":126,"column":27}},"loc":{"start":{"line":126,"column":67},"end":{"line":135,"column":1}},"line":126},"10":{"name":"(anonymous_10)","decl":{"start":{"line":137,"column":26},"end":{"line":137,"column":27}},"loc":{"start":{"line":137,"column":40},"end":{"line":139,"column":1}},"line":137},"11":{"name":"(anonymous_11)","decl":{"start":{"line":141,"column":27},"end":{"line":141,"column":28}},"loc":{"start":{"line":141,"column":55},"end":{"line":165,"column":1}},"line":141}},"branchMap":{"0":{"loc":{"start":{"line":18,"column":26},"end":{"line":18,"column":44}},"type":"binary-expr","locations":[{"start":{"line":18,"column":26},"end":{"line":18,"column":38}},{"start":{"line":18,"column":42},"end":{"line":18,"column":44}}],"line":18},"1":{"loc":{"start":{"line":21,"column":2},"end":{"line":23,"column":3}},"type":"if","locations":[{"start":{"line":21,"column":2},"end":{"line":23,"column":3}},{"start":{},"end":{}}],"line":21},"2":{"loc":{"start":{"line":37,"column":21},"end":{"line":37,"column":38}},"type":"binary-expr","locations":[{"start":{"line":37,"column":21},"end":{"line":37,"column":26}},{"start":{"line":37,"column":30},"end":{"line":37,"column":38}}],"line":37},"3":{"loc":{"start":{"line":45,"column":25},"end":{"line":45,"column":51}},"type":"binary-expr","locations":[{"start":{"line":45,"column":25},"end":{"line":45,"column":29}},{"start":{"line":45,"column":33},"end":{"line":45,"column":41}},{"start":{"line":45,"column":45},"end":{"line":45,"column":51}}],"line":45},"4":{"loc":{"start":{"line":46,"column":29},"end":{"line":46,"column":55}},"type":"binary-expr","locations":[{"start":{"line":46,"column":29},"end":{"line":46,"column":37}},{"start":{"line":46,"column":41},"end":{"line":46,"column":55}}],"line":46},"5":{"loc":{"start":{"line":47,"column":26},"end":{"line":47,"column":68}},"type":"binary-expr","locations":[{"start":{"line":47,"column":26},"end":{"line":47,"column":31}},{"start":{"line":47,"column":35},"end":{"line":47,"column":68}}],"line":47},"6":{"loc":{"start":{"line":61,"column":2},"end":{"line":63,"column":3}},"type":"if","locations":[{"start":{"line":61,"column":2},"end":{"line":63,"column":3}},{"start":{},"end":{}}],"line":61},"7":{"loc":{"start":{"line":92,"column":2},"end":{"line":94,"column":3}},"type":"if","locations":[{"start":{"line":92,"column":2},"end":{"line":94,"column":3}},{"start":{},"end":{}}],"line":92},"8":{"loc":{"start":{"line":98,"column":2},"end":{"line":100,"column":3}},"type":"if","locations":[{"start":{"line":98,"column":2},"end":{"line":100,"column":3}},{"start":{},"end":{}}],"line":98},"9":{"loc":{"start":{"line":127,"column":18},"end":{"line":129,"column":19}},"type":"cond-expr","locations":[{"start":{"line":128,"column":6},"end":{"line":128,"column":48}},{"start":{"line":129,"column":6},"end":{"line":129,"column":19}}],"line":127},"10":{"loc":{"start":{"line":142,"column":2},"end":{"line":144,"column":3}},"type":"if","locations":[{"start":{"line":142,"column":2},"end":{"line":144,"column":3}},{"start":{},"end":{}}],"line":142},"11":{"loc":{"start":{"line":149,"column":2},"end":{"line":151,"column":3}},"type":"if","locations":[{"start":{"line":149,"column":2},"end":{"line":151,"column":3}},{"start":{},"end":{}}],"line":149},"12":{"loc":{"start":{"line":155,"column":2},"end":{"line":157,"column":3}},"type":"if","locations":[{"start":{"line":155,"column":2},"end":{"line":157,"column":3}},{"start":{},"end":{}}],"line":155}},"s":{"0":3,"1":3,"2":3,"3":3,"4":5,"5":3,"6":4,"7":3,"8":3,"9":3,"10":3,"11":2,"12":1,"13":1,"14":1,"15":1,"16":1,"17":1,"18":3,"19":6,"20":6,"21":3,"22":9,"23":9,"24":9,"25":9,"26":3,"27":4,"28":4,"29":4,"30":1,"31":3,"32":3,"33":3,"34":3,"35":3,"36":3,"37":3,"38":3,"39":3,"40":3,"41":3,"42":3,"43":1,"44":2,"45":2,"46":1,"47":1,"48":1,"49":1,"50":1,"51":1,"52":3,"53":2,"54":2,"55":3,"56":1,"57":3,"58":2,"59":2,"60":3,"61":2,"62":3,"63":4,"64":1,"65":3,"66":3,"67":3,"68":1,"69":2,"70":2,"71":1,"72":1,"73":1,"74":3},"f":{"0":5,"1":4,"2":3,"3":6,"4":9,"5":4,"6":3,"7":2,"8":1,"9":2,"10":2,"11":4},"b":{"0":[3,0],"1":[2,1],"2":[6,1],"3":[9,3,2],"4":[9,4],"5":[9,1],"6":[1,3],"7":[1,2],"8":[1,1],"9":[1,1],"10":[1,3],"11":[1,2],"12":[1,1]},"_coverageSchema":"1a1c01bbd47fc00a2c39e90264f33305004495a9","hash":"8440afb262420d772f5f03c5185beec966f4ddee"}
,"C:\\Users\\ZCSI012\\Documents\\Kamal Intern\\Day_17\\backend\\src\\services\\taskService.js": {"path":"C:\\Users\\ZCSI012\\Documents\\Kamal Intern\\Day_17\\backend\\src\\services\\taskService.js","statementMap":{"0":{"start":{"line":1,"column":13},"end":{"line":1,"column":38}},"1":{"start":{"line":3,"column":17},"end":{"line":31,"column":1}},"2":{"start":{"line":4,"column":2},"end":{"line":4,"column":22}},"3":{"start":{"line":5,"column":2},"end":{"line":5,"column":24}},"4":{"start":{"line":7,"column":16},"end":{"line":14,"column":3}},"5":{"start":{"line":16,"column":16},"end":{"line":16,"column":48}},"6":{"start":{"line":18,"column":16},"end":{"line":22,"column":17}},"7":{"start":{"line":24,"column":2},"end":{"line":30,"column":4}},"8":{"start":{"line":33,"column":16},"end":{"line":39,"column":1}},"9":{"start":{"line":34,"column":2},"end":{"line":38,"column":38}},"10":{"start":{"line":41,"column":16},"end":{"line":51,"column":1}},"11":{"start":{"line":42,"column":15},"end":{"line":48,"column":4}},"12":{"start":{"line":50,"column":2},"end":{"line":50,"column":14}},"13":{"start":{"line":53,"column":17},"end":{"line":62,"column":1}},"14":{"start":{"line":54,"column":2},"end":{"line":61,"column":4}},"15":{"start":{"line":64,"column":19},"end":{"line":76,"column":1}},"16":{"start":{"line":65,"column":15},"end":{"line":73,"column":3}},"17":{"start":{"line":75,"column":2},"end":{"line":75,"column":14}},"18":{"start":{"line":78,"column":26},"end":{"line":96,"column":1}},"19":{"start":{"line":79,"column":2},"end":{"line":95,"column":5}},"20":{"start":{"line":98,"column":0},"end":{"line":105,"column":2}}},"fnMap":{"0":{"name":"(anonymous_0)","decl":{"start":{"line":3,"column":17},"end":{"line":3,"column":18}},"loc":{"start":{"line":3,"column":73},"end":{"line":31,"column":1}},"line":3},"1":{"name":"(anonymous_1)","decl":{"start":{"line":33,"column":16},"end":{"line":33,"column":17}},"loc":{"start":{"line":33,"column":38},"end":{"line":39,"column":1}},"line":33},"2":{"name":"(anonymous_2)","decl":{"start":{"line":41,"column":16},"end":{"line":41,"column":17}},"loc":{"start":{"line":41,"column":36},"end":{"line":51,"column":1}},"line":41},"3":{"name":"(anonymous_3)","decl":{"start":{"line":53,"column":17},"end":{"line":53,"column":18}},"loc":{"start":{"line":53,"column":52},"end":{"line":62,"column":1}},"line":53},"4":{"name":"(anonymous_4)","decl":{"start":{"line":64,"column":19},"end":{"line":64,"column":20}},"loc":{"start":{"line":64,"column":41},"end":{"line":76,"column":1}},"line":64},"5":{"name":"(anonymous_5)","decl":{"start":{"line":78,"column":26},"end":{"line":78,"column":27}},"loc":{"start":{"line":78,"column":38},"end":{"line":96,"column":1}},"line":78}},"branchMap":{"0":{"loc":{"start":{"line":3,"column":34},"end":{"line":3,"column":45}},"type":"default-arg","locations":[{"start":{"line":3,"column":43},"end":{"line":3,"column":45}}],"line":3},"1":{"loc":{"start":{"line":3,"column":47},"end":{"line":3,"column":55}},"type":"default-arg","locations":[{"start":{"line":3,"column":54},"end":{"line":3,"column":55}}],"line":3},"2":{"loc":{"start":{"line":3,"column":57},"end":{"line":3,"column":66}},"type":"default-arg","locations":[{"start":{"line":3,"column":65},"end":{"line":3,"column":66}}],"line":3},"3":{"loc":{"start":{"line":46,"column":12},"end":{"line":46,"column":42}},"type":"binary-expr","locations":[{"start":{"line":46,"column":12},"end":{"line":46,"column":27}},{"start":{"line":46,"column":31},"end":{"line":46,"column":42}}],"line":46}},"s":{"0":3,"1":3,"2":2,"3":2,"4":2,"5":2,"6":2,"7":2,"8":3,"9":2,"10":3,"11":2,"12":2,"13":3,"14":2,"15":3,"16":2,"17":2,"18":3,"19":2,"20":3},"f":{"0":2,"1":2,"2":2,"3":2,"4":2,"5":2},"b":{"0":[1],"1":[1],"2":[1],"3":[2,1]},"_coverageSchema":"1a1c01bbd47fc00a2c39e90264f33305004495a9","hash":"4009ca0b32be6302f44f1f898bbaa5c7e2c1dff6"}
,"C:\\Users\\ZCSI012\\Documents\\Kamal Intern\\Day_17\\backend\\src\\utils\\rbac.js": {"path":"C:\\Users\\ZCSI012\\Documents\\Kamal Intern\\Day_17\\backend\\src\\utils\\rbac.js","statementMap":{"0":{"start":{"line":1,"column":23},"end":{"line":4,"column":1}},"1":{"start":{"line":6,"column":29},"end":{"line":8,"column":1}},"2":{"start":{"line":7,"column":2},"end":{"line":7,"column":55}},"3":{"start":{"line":10,"column":32},"end":{"line":12,"column":1}},"4":{"start":{"line":11,"column":2},"end":{"line":11,"column":54}},"5":{"start":{"line":14,"column":33},"end":{"line":22,"column":1}},"6":{"start":{"line":15,"column":2},"end":{"line":20,"column":3}},"7":{"start":{"line":16,"column":4},"end":{"line":19,"column":7}},"8":{"start":{"line":21,"column":2},"end":{"line":21,"column":9}},"9":{"start":{"line":24,"column":0},"end":{"line":28,"column":2}}},"fnMap":{"0":{"name":"(anonymous_0)","decl":{"start":{"line":6,"column":29},"end":{"line":6,"column":30}},"loc":{"start":{"line":6,"column":39},"end":{"line":8,"column":1}},"line":6},"1":{"name":"(anonymous_1)","decl":{"start":{"line":10,"column":32},"end":{"line":10,"column":33}},"loc":{"start":{"line":10,"column":42},"end":{"line":12,"column":1}},"line":10},"2":{"name":"(anonymous_2)","decl":{"start":{"line":14,"column":33},"end":{"line":14,"column":34}},"loc":{"start":{"line":14,"column":53},"end":{"line":22,"column":1}},"line":14}},"branchMap":{"0":{"loc":{"start":{"line":15,"column":2},"end":{"line":20,"column":3}},"type":"if","locations":[{"start":{"line":15,"column":2},"end":{"line":20,"column":3}},{"start":{},"end":{}}],"line":15}},"s":{"0":4,"1":4,"2":4,"3":4,"4":7,"5":4,"6":4,"7":3,"8":1,"9":4},"f":{"0":4,"1":7,"2":4},"b":{"0":[3,1]},"_coverageSchema":"1a1c01bbd47fc00a2c39e90264f33305004495a9","hash":"0d7e18e618bc0ecd7d9c59db452820965cf66671"}
,"C:\\Users\\ZCSI012\\Documents\\Kamal Intern\\Day_17\\backend\\src\\utils\\response.js": {"path":"C:\\Users\\ZCSI012\\Documents\\Kamal Intern\\Day_17\\backend\\src\\utils\\response.js","statementMap":{"0":{"start":{"line":1,"column":24},"end":{"line":12,"column":1}},"1":{"start":{"line":7,"column":2},"end":{"line":11,"column":5}},"2":{"start":{"line":14,"column":22},"end":{"line":23,"column":1}},"3":{"start":{"line":19,"column":2},"end":{"line":22,"column":5}},"4":{"start":{"line":25,"column":0},"end":{"line":28,"column":2}}},"fnMap":{"0":{"name":"(anonymous_0)","decl":{"start":{"line":1,"column":24},"end":{"line":1,"column":25}},"loc":{"start":{"line":6,"column":5},"end":{"line":12,"column":1}},"line":6},"1":{"name":"(anonymous_1)","decl":{"start":{"line":14,"column":22},"end":{"line":14,"column":23}},"loc":{"start":{"line":18,"column":5},"end":{"line":23,"column":1}},"line":18}},"branchMap":{"0":{"loc":{"start":{"line":4,"column":2},"end":{"line":4,"column":21}},"type":"default-arg","locations":[{"start":{"line":4,"column":12},"end":{"line":4,"column":21}}],"line":4},"1":{"loc":{"start":{"line":5,"column":2},"end":{"line":5,"column":14}},"type":"default-arg","locations":[{"start":{"line":5,"column":11},"end":{"line":5,"column":14}}],"line":5},"2":{"loc":{"start":{"line":16,"column":2},"end":{"line":16,"column":34}},"type":"default-arg","locations":[{"start":{"line":16,"column":12},"end":{"line":16,"column":34}}],"line":16},"3":{"loc":{"start":{"line":17,"column":2},"end":{"line":17,"column":14}},"type":"default-arg","locations":[{"start":{"line":17,"column":11},"end":{"line":17,"column":14}}],"line":17}},"s":{"0":1,"1":3,"2":1,"3":2,"4":1},"f":{"0":3,"1":2},"b":{"0":[2],"1":[2],"2":[1],"3":[1]},"_coverageSchema":"1a1c01bbd47fc00a2c39e90264f33305004495a9","hash":"866ba20c94009c7d5ec9d4ca49c34f3796216c99"}
}
