TN:
SF:src\app.js
FN:23,(anonymous_0)
FNF:1
FNH:1
FNDA:1,(anonymous_0)
DA:1,1
DA:2,1
DA:3,1
DA:4,1
DA:6,1
DA:7,1
DA:9,1
DA:11,1
DA:14,1
DA:15,1
DA:16,1
DA:19,1
DA:20,1
DA:23,1
DA:24,1
DA:31,1
DA:33,1
LF:17
LH:17
BRF:0
BRH:0
end_of_record
TN:
SF:src\server.js
FN:6,(anonymous_0)
FN:9,(anonymous_1)
FNF:2
FNH:2
FNDA:2,(anonymous_0)
FNDA:2,(anonymous_1)
DA:1,2
DA:2,2
DA:4,2
DA:6,2
DA:7,2
DA:9,2
DA:10,2
DA:14,2
LF:8
LH:8
BRDA:4,0,0,2
BRDA:4,0,1,0
BRF:2
BRH:1
end_of_record
TN:
SF:src\config\db.js
FN:3,(anonymous_0)
FNF:1
FNH:1
FNDA:2,(anonymous_0)
DA:1,1
DA:3,1
DA:4,2
DA:5,2
DA:7,1
DA:9,1
DA:10,1
DA:11,1
DA:15,1
LF:9
LH:9
BRF:0
BRH:0
end_of_record
TN:
SF:src\controllers\authController.js
FN:11,(anonymous_0)
FN:28,(anonymous_1)
FN:45,(anonymous_2)
FN:68,(anonymous_3)
FN:84,(anonymous_4)
FN:110,(anonymous_5)
FN:163,(anonymous_6)
FNF:7
FNH:7
FNDA:2,(anonymous_0)
FNDA:2,(anonymous_1)
FNDA:3,(anonymous_2)
FNDA:2,(anonymous_3)
FNDA:3,(anonymous_4)
FNDA:10,(anonymous_5)
FNDA:2,(anonymous_6)
DA:9,3
DA:11,3
DA:12,2
DA:13,2
DA:15,1
DA:21,1
DA:28,3
DA:29,2
DA:30,2
DA:32,1
DA:38,1
DA:45,3
DA:46,3
DA:47,3
DA:49,2
DA:50,1
DA:56,1
DA:61,1
DA:68,3
DA:69,2
DA:70,2
DA:72,1
DA:77,1
DA:84,3
DA:85,3
DA:86,3
DA:88,2
DA:89,1
DA:94,1
DA:96,1
DA:102,1
DA:110,3
DA:111,10
DA:112,10
DA:113,10
DA:115,10
DA:116,5
DA:119,10
DA:120,2
DA:123,10
DA:124,1
DA:127,10
DA:128,3
DA:134,7
DA:136,5
DA:137,1
DA:143,4
DA:149,2
DA:150,1
DA:156,1
DA:163,3
DA:164,2
DA:165,2
DA:167,1
DA:173,1
DA:180,3
LF:56
LH:56
BRDA:49,0,0,1
BRDA:49,0,1,1
BRDA:88,1,0,1
BRDA:88,1,1,1
BRDA:115,2,0,5
BRDA:115,2,1,5
BRDA:115,3,0,10
BRDA:115,3,1,6
BRDA:119,4,0,2
BRDA:119,4,1,8
BRDA:119,5,0,10
BRDA:119,5,1,3
BRDA:123,6,0,1
BRDA:123,6,1,9
BRDA:127,7,0,3
BRDA:127,7,1,7
BRDA:136,8,0,1
BRDA:136,8,1,4
BRDA:149,9,0,1
BRDA:149,9,1,1
BRF:20
BRH:20
end_of_record
TN:
SF:src\controllers\taskController.js
FN:10,(anonymous_0)
FN:33,(anonymous_1)
FN:57,(anonymous_2)
FN:78,(anonymous_3)
FN:107,(anonymous_4)
FN:131,(anonymous_5)
FN:142,(anonymous_6)
FNF:7
FNH:7
FNDA:3,(anonymous_0)
FNDA:4,(anonymous_1)
FNDA:3,(anonymous_2)
FNDA:4,(anonymous_3)
FNDA:4,(anonymous_4)
FNDA:4,(anonymous_5)
FNDA:4,(anonymous_6)
DA:8,3
DA:10,3
DA:11,3
DA:12,3
DA:19,2
DA:25,1
DA:33,3
DA:34,4
DA:35,4
DA:37,3
DA:38,1
DA:44,2
DA:50,1
DA:57,3
DA:58,3
DA:59,3
DA:64,2
DA:71,1
DA:78,3
DA:79,4
DA:80,4
DA:86,3
DA:87,1
DA:93,2
DA:100,1
DA:107,3
DA:108,4
DA:109,4
DA:111,3
DA:112,1
DA:118,2
DA:124,1
DA:131,3
DA:132,4
DA:133,4
DA:135,3
DA:142,3
DA:143,4
DA:145,4
DA:146,1
DA:149,4
DA:150,1
DA:153,4
DA:154,1
DA:158,3
DA:163,1
DA:170,3
LF:47
LH:47
BRDA:13,0,0,3
BRDA:13,0,1,1
BRDA:35,1,0,4
BRDA:35,1,1,1
BRDA:37,2,0,1
BRDA:37,2,1,2
BRDA:61,3,0,3
BRDA:61,3,1,1
BRDA:83,4,0,4
BRDA:83,4,1,1
BRDA:86,5,0,1
BRDA:86,5,1,2
BRDA:109,6,0,4
BRDA:109,6,1,1
BRDA:111,7,0,1
BRDA:111,7,1,2
BRDA:145,8,0,1
BRDA:145,8,1,3
BRDA:149,9,0,1
BRDA:149,9,1,3
BRDA:153,10,0,1
BRDA:153,10,1,3
BRF:22
BRH:22
end_of_record
TN:
SF:src\middleware\authMiddleware.js
FN:3,(anonymous_0)
FNF:1
FNH:1
FNDA:9,(anonymous_0)
DA:1,4
DA:3,4
DA:4,9
DA:5,9
DA:6,9
DA:10,9
DA:11,2
DA:17,7
DA:19,4
DA:20,1
DA:26,3
DA:31,3
DA:33,3
DA:34,1
DA:40,2
DA:41,1
DA:47,1
DA:54,4
LF:18
LH:18
BRDA:5,0,0,9
BRDA:5,0,1,1
BRDA:6,1,0,7
BRDA:6,1,1,2
BRDA:10,2,0,2
BRDA:10,2,1,7
BRDA:19,3,0,1
BRDA:19,3,1,3
BRDA:28,4,0,3
BRDA:28,4,1,2
BRDA:29,5,0,3
BRDA:29,5,1,2
BRDA:33,6,0,1
BRDA:33,6,1,2
BRDA:40,7,0,1
BRDA:40,7,1,1
BRF:16
BRH:16
end_of_record
TN:
SF:src\middleware\notFoundMiddleware.js
FN:1,(anonymous_0)
FNF:1
FNH:1
FNDA:2,(anonymous_0)
DA:1,2
DA:2,2
DA:8,2
LF:3
LH:3
BRF:0
BRH:0
end_of_record
TN:
SF:src\models\task.js
FNF:0
FNH:0
DA:1,4
DA:3,4
DA:47,4
LF:3
LH:3
BRF:0
BRH:0
end_of_record
TN:
SF:src\models\user.js
FNF:0
FNH:0
DA:1,4
DA:3,4
DA:54,4
LF:3
LH:3
BRF:0
BRH:0
end_of_record
TN:
SF:src\routes\authRoutes.js
FNF:0
FNH:0
DA:1,2
DA:2,2
DA:4,2
DA:13,2
DA:14,2
DA:16,2
DA:17,2
DA:18,2
DA:20,2
DA:22,2
DA:24,2
DA:26,2
DA:27,2
DA:28,2
DA:30,2
LF:15
LH:15
BRF:0
BRH:0
end_of_record
TN:
SF:src\routes\taskRoutes.js
FNF:0
FNH:0
DA:1,2
DA:2,2
DA:4,2
DA:12,2
DA:13,2
DA:15,2
DA:16,2
DA:17,2
DA:18,2
DA:19,2
DA:20,2
DA:22,2
LF:12
LH:12
BRF:0
BRH:0
end_of_record
TN:
SF:src\services\authService.js
FN:5,(anonymous_0)
FN:11,(anonymous_1)
FN:17,(anonymous_2)
FN:36,(anonymous_3)
FN:44,(anonymous_4)
FN:57,(anonymous_5)
FN:88,(anonymous_6)
FN:116,(anonymous_7)
FN:122,(anonymous_8)
FN:126,(anonymous_9)
FN:137,(anonymous_10)
FN:141,(anonymous_11)
FNF:12
FNH:12
FNDA:5,(anonymous_0)
FNDA:4,(anonymous_1)
FNDA:3,(anonymous_2)
FNDA:6,(anonymous_3)
FNDA:9,(anonymous_4)
FNDA:4,(anonymous_5)
FNDA:3,(anonymous_6)
FNDA:2,(anonymous_7)
FNDA:1,(anonymous_8)
FNDA:2,(anonymous_9)
FNDA:2,(anonymous_10)
FNDA:4,(anonymous_11)
DA:1,3
DA:2,3
DA:3,3
DA:5,3
DA:6,5
DA:11,3
DA:12,4
DA:17,3
DA:18,3
DA:19,3
DA:21,3
DA:22,2
DA:25,1
DA:26,1
DA:28,1
DA:29,1
DA:30,1
DA:33,1
DA:36,3
DA:37,6
DA:39,6
DA:44,3
DA:45,9
DA:46,9
DA:47,9
DA:49,9
DA:57,3
DA:58,4
DA:59,4
DA:61,4
DA:62,1
DA:65,3
DA:66,3
DA:67,3
DA:75,3
DA:76,3
DA:77,3
DA:79,3
DA:81,3
DA:88,3
DA:89,3
DA:90,3
DA:92,3
DA:93,1
DA:96,2
DA:98,2
DA:99,1
DA:102,1
DA:103,1
DA:104,1
DA:106,1
DA:108,1
DA:116,3
DA:117,2
DA:119,2
DA:122,3
DA:123,1
DA:126,3
DA:127,2
DA:131,2
DA:137,3
DA:138,2
DA:141,3
DA:142,4
DA:143,1
DA:146,3
DA:147,3
DA:149,3
DA:150,1
DA:153,2
DA:155,2
DA:156,1
DA:159,1
DA:161,1
DA:167,3
LF:75
LH:75
BRDA:18,0,0,3
BRDA:18,0,1,0
BRDA:21,1,0,2
BRDA:21,1,1,1
BRDA:37,2,0,6
BRDA:37,2,1,1
BRDA:45,3,0,9
BRDA:45,3,1,3
BRDA:45,3,2,2
BRDA:46,4,0,9
BRDA:46,4,1,4
BRDA:47,5,0,9
BRDA:47,5,1,1
BRDA:61,6,0,1
BRDA:61,6,1,3
BRDA:92,7,0,1
BRDA:92,7,1,2
BRDA:98,8,0,1
BRDA:98,8,1,1
BRDA:127,9,0,1
BRDA:127,9,1,1
BRDA:142,10,0,1
BRDA:142,10,1,3
BRDA:149,11,0,1
BRDA:149,11,1,2
BRDA:155,12,0,1
BRDA:155,12,1,1
BRF:27
BRH:26
end_of_record
TN:
SF:src\services\taskService.js
FN:3,(anonymous_0)
FN:33,(anonymous_1)
FN:41,(anonymous_2)
FN:53,(anonymous_3)
FN:64,(anonymous_4)
FN:78,(anonymous_5)
FNF:6
FNH:6
FNDA:2,(anonymous_0)
FNDA:2,(anonymous_1)
FNDA:2,(anonymous_2)
FNDA:2,(anonymous_3)
FNDA:2,(anonymous_4)
FNDA:2,(anonymous_5)
DA:1,3
DA:3,3
DA:4,2
DA:5,2
DA:7,2
DA:16,2
DA:18,2
DA:24,2
DA:33,3
DA:34,2
DA:41,3
DA:42,2
DA:50,2
DA:53,3
DA:54,2
DA:64,3
DA:65,2
DA:75,2
DA:78,3
DA:79,2
DA:98,3
LF:21
LH:21
BRDA:3,0,0,1
BRDA:3,1,0,1
BRDA:3,2,0,1
BRDA:46,3,0,2
BRDA:46,3,1,1
BRF:5
BRH:5
end_of_record
TN:
SF:src\utils\rbac.js
FN:6,(anonymous_0)
FN:10,(anonymous_1)
FN:14,(anonymous_2)
FNF:3
FNH:3
FNDA:4,(anonymous_0)
FNDA:7,(anonymous_1)
FNDA:4,(anonymous_2)
DA:1,4
DA:6,4
DA:7,4
DA:10,4
DA:11,7
DA:14,4
DA:15,4
DA:16,3
DA:21,1
DA:24,4
LF:10
LH:10
BRDA:15,0,0,3
BRDA:15,0,1,1
BRF:2
BRH:2
end_of_record
TN:
SF:src\utils\response.js
FN:1,(anonymous_0)
FN:14,(anonymous_1)
FNF:2
FNH:2
FNDA:3,(anonymous_0)
FNDA:2,(anonymous_1)
DA:1,1
DA:7,3
DA:14,1
DA:19,2
DA:25,1
LF:5
LH:5
BRDA:4,0,0,2
BRDA:5,1,0,2
BRDA:16,2,0,1
BRDA:17,3,0,1
BRF:4
BRH:4
end_of_record
